[0.060s] Invoking command in '/home/xuan/ros2_ws/src/image_transport_tutorials/build/image_transport_tutorials': _=/usr/bin/env /usr/bin/cmake /home/xuan/ros2_ws/src/image_transport_tutorials -DCMAKE_INSTALL_PREFIX=/home/xuan/ros2_ws/src/image_transport_tutorials/install/image_transport_tutorials
[0.242s] -- The C compiler identification is GNU 12.2.0
[0.418s] -- The CXX compiler identification is GNU 12.2.0
[0.440s] -- Detecting C compiler ABI info
[0.535s] -- Detecting C compiler ABI info - done
[0.542s] -- Check for working C compiler: /usr/bin/cc - skipped
[0.543s] -- Detecting C compile features
[0.544s] -- Detecting C compile features - done
[0.548s] -- Detecting CXX compiler ABI info
[0.676s] -- Detecting CXX compiler ABI info - done
[0.684s] -- Check for working CXX compiler: /usr/bin/c++ - skipped
[0.684s] -- Detecting CXX compile features
[0.685s] -- Detecting CXX compile features - done
[0.695s] -- Found ament_cmake: 1.3.2 (/opt/ros/humble/share/ament_cmake/cmake)
[1.593s] -- Found Python3: /usr/bin/python3.10 (found version "3.10.8") found components: Interpreter 
[1.720s] [31mCMake Error at CMakeLists.txt:14 (find_package):
[1.720s]   By not providing "Findcv_bridge.cmake" in CMAKE_MODULE_PATH this project
[1.720s]   has asked CMake to find a package configuration file provided by
[1.720s]   "cv_bridge", but CMake did not find one.
[1.721s] 
[1.721s]   Could not find a package configuration file provided by "cv_bridge" with
[1.721s]   any of the following names:
[1.721s] 
[1.721s]     cv_bridgeConfig.cmake
[1.721s]     cv_bridge-config.cmake
[1.721s] 
[1.721s]   Add the installation prefix of "cv_bridge" to CMAKE_PREFIX_PATH or set
[1.721s]   "cv_bridge_DIR" to a directory containing one of the above files.  If
[1.721s]   "cv_bridge" provides a separate development package or SDK, be sure it has
[1.721s]   been installed.
[1.721s] 
[1.721s] [0m
[1.722s] -- Configuring incomplete, errors occurred!
[1.722s] See also "/home/xuan/ros2_ws/src/image_transport_tutorials/build/image_transport_tutorials/CMakeFiles/CMakeOutput.log".
[1.726s] Invoked command in '/home/xuan/ros2_ws/src/image_transport_tutorials/build/image_transport_tutorials' returned '1': _=/usr/bin/env /usr/bin/cmake /home/xuan/ros2_ws/src/image_transport_tutorials -DCMAKE_INSTALL_PREFIX=/home/xuan/ros2_ws/src/image_transport_tutorials/install/image_transport_tutorials
