[1.207s] DEBUG:colcon:Command line arguments: ['/usr/bin/colcon', 'build', '--packages-select', 'image_transport_tutorials']
[1.208s] DEBUG:colcon:Parsed command line arguments: Namespace(log_base=None, log_level=None, verb_name='build', build_base='build', install_base='install', merge_install=False, symlink_install=False, test_result_base=None, continue_on_error=False, executor='parallel', parallel_workers=4, event_handlers=None, ignore_user_meta=False, metas=['./colcon.meta'], base_paths=['.'], packages_ignore=None, packages_ignore_regex=None, paths=None, packages_up_to=None, packages_up_to_regex=None, packages_above=None, packages_above_and_dependencies=None, packages_above_depth=None, packages_select_by_dep=None, packages_skip_by_dep=None, packages_skip_up_to=None, packages_select_build_failed=False, packages_skip_build_finished=False, packages_select_test_failures=False, packages_skip_test_passed=False, packages_select=['image_transport_tutorials'], packages_skip=None, packages_select_regex=None, packages_skip_regex=None, packages_start=None, packages_end=None, cmake_args=None, cmake_target=None, cmake_target_skip_unavailable=False, cmake_clean_cache=False, cmake_clean_first=False, cmake_force_configure=False, ament_cmake_args=None, catkin_cmake_args=None, catkin_skip_building_tests=False, verb_parser=<colcon_defaults.argument_parser.defaults.DefaultArgumentsDecorator object at 0x7f94c7f188e0>, verb_extension=<colcon_core.verb.build.BuildVerb object at 0x7f94c804e110>, main=<bound method BuildVerb.main of <colcon_core.verb.build.BuildVerb object at 0x7f94c804e110>>)
[1.295s] Level 1:colcon.colcon_core.package_discovery:discover_packages(colcon_meta) check parameters
[1.296s] Level 1:colcon.colcon_core.package_discovery:discover_packages(recursive) check parameters
[1.296s] Level 1:colcon.colcon_core.package_discovery:discover_packages(ignore) check parameters
[1.296s] Level 1:colcon.colcon_core.package_discovery:discover_packages(path) check parameters
[1.296s] Level 1:colcon.colcon_core.package_discovery:discover_packages(colcon_meta) discover
[1.296s] Level 1:colcon.colcon_core.package_discovery:discover_packages(recursive) discover
[1.297s] INFO:colcon.colcon_core.package_discovery:Crawling recursively for packages in '/home/xuan/ros2_ws/src/image_transport_tutorials'
[1.297s] Level 1:colcon.colcon_core.package_identification:_identify(.) by extensions ['ignore', 'ignore_ament_install']
[1.297s] Level 1:colcon.colcon_core.package_identification:_identify(.) by extension 'ignore'
[1.297s] Level 1:colcon.colcon_core.package_identification:_identify(.) by extension 'ignore_ament_install'
[1.297s] Level 1:colcon.colcon_core.package_identification:_identify(.) by extensions ['colcon_pkg']
[1.297s] Level 1:colcon.colcon_core.package_identification:_identify(.) by extension 'colcon_pkg'
[1.297s] Level 1:colcon.colcon_core.package_identification:_identify(.) by extensions ['colcon_meta']
[1.297s] Level 1:colcon.colcon_core.package_identification:_identify(.) by extension 'colcon_meta'
[1.297s] Level 1:colcon.colcon_core.package_identification:_identify(.) by extensions ['ros']
[1.297s] Level 1:colcon.colcon_core.package_identification:_identify(.) by extension 'ros'
[1.311s] DEBUG:colcon.colcon_core.package_identification:Package '.' with type 'ros.ament_cmake' and name 'image_transport_tutorials'
[1.311s] Level 1:colcon.colcon_core.package_discovery:discover_packages(recursive) using defaults
[1.311s] Level 1:colcon.colcon_core.package_discovery:discover_packages(ignore) discover
[1.311s] Level 1:colcon.colcon_core.package_discovery:discover_packages(ignore) using defaults
[1.311s] Level 1:colcon.colcon_core.package_discovery:discover_packages(path) discover
[1.311s] Level 1:colcon.colcon_core.package_discovery:discover_packages(path) using defaults
[1.417s] Level 5:colcon.colcon_core.verb:set package 'image_transport_tutorials' build argument 'cmake_args' from command line to 'None'
[1.417s] Level 5:colcon.colcon_core.verb:set package 'image_transport_tutorials' build argument 'cmake_target' from command line to 'None'
[1.417s] Level 5:colcon.colcon_core.verb:set package 'image_transport_tutorials' build argument 'cmake_target_skip_unavailable' from command line to 'False'
[1.417s] Level 5:colcon.colcon_core.verb:set package 'image_transport_tutorials' build argument 'cmake_clean_cache' from command line to 'False'
[1.417s] Level 5:colcon.colcon_core.verb:set package 'image_transport_tutorials' build argument 'cmake_clean_first' from command line to 'False'
[1.417s] Level 5:colcon.colcon_core.verb:set package 'image_transport_tutorials' build argument 'cmake_force_configure' from command line to 'False'
[1.417s] Level 5:colcon.colcon_core.verb:set package 'image_transport_tutorials' build argument 'ament_cmake_args' from command line to 'None'
[1.417s] Level 5:colcon.colcon_core.verb:set package 'image_transport_tutorials' build argument 'catkin_cmake_args' from command line to 'None'
[1.417s] Level 5:colcon.colcon_core.verb:set package 'image_transport_tutorials' build argument 'catkin_skip_building_tests' from command line to 'False'
[1.417s] DEBUG:colcon.colcon_core.verb:Building package 'image_transport_tutorials' with the following arguments: {'ament_cmake_args': None, 'build_base': '/home/xuan/ros2_ws/src/image_transport_tutorials/build/image_transport_tutorials', 'catkin_cmake_args': None, 'catkin_skip_building_tests': False, 'cmake_args': None, 'cmake_clean_cache': False, 'cmake_clean_first': False, 'cmake_force_configure': False, 'cmake_target': None, 'cmake_target_skip_unavailable': False, 'install_base': '/home/xuan/ros2_ws/src/image_transport_tutorials/install/image_transport_tutorials', 'merge_install': False, 'path': '/home/xuan/ros2_ws/src/image_transport_tutorials', 'symlink_install': False, 'test_result_base': None}
[1.421s] INFO:colcon.colcon_core.executor:Executing jobs using 'parallel' executor
[1.448s] DEBUG:colcon.colcon_parallel_executor.executor.parallel:run_until_complete
[1.448s] INFO:colcon.colcon_ros.task.ament_cmake.build:Building ROS package in '/home/xuan/ros2_ws/src/image_transport_tutorials' with build type 'ament_cmake'
[1.448s] INFO:colcon.colcon_cmake.task.cmake.build:Building CMake package in '/home/xuan/ros2_ws/src/image_transport_tutorials'
[1.476s] INFO:colcon.colcon_core.plugin_system:Skipping extension 'colcon_core.shell.bat': Not used on non-Windows systems
[1.476s] INFO:colcon.colcon_core.shell:Skip shell extension 'powershell' for command environment: Not usable outside of PowerShell
[1.477s] DEBUG:colcon.colcon_core.shell:Skip shell extension 'dsv' for command environment
[1.512s] DEBUG:colcon.colcon_core.event_handler.log_command:Invoking command in '/home/xuan/ros2_ws/src/image_transport_tutorials/build/image_transport_tutorials': _=/usr/bin/env /usr/bin/cmake /home/xuan/ros2_ws/src/image_transport_tutorials -DCMAKE_INSTALL_PREFIX=/home/xuan/ros2_ws/src/image_transport_tutorials/install/image_transport_tutorials
[3.178s] DEBUG:colcon.colcon_core.event_handler.log_command:Invoked command in '/home/xuan/ros2_ws/src/image_transport_tutorials/build/image_transport_tutorials' returned '1': _=/usr/bin/env /usr/bin/cmake /home/xuan/ros2_ws/src/image_transport_tutorials -DCMAKE_INSTALL_PREFIX=/home/xuan/ros2_ws/src/image_transport_tutorials/install/image_transport_tutorials
[3.198s] Level 1:colcon.colcon_core.environment:create_environment_scripts_only(image_transport_tutorials)
[3.215s] Level 1:colcon.colcon_core.environment:checking '/home/xuan/ros2_ws/src/image_transport_tutorials/install/image_transport_tutorials' for CMake module files
[3.215s] Level 1:colcon.colcon_core.environment:checking '/home/xuan/ros2_ws/src/image_transport_tutorials/install/image_transport_tutorials' for CMake config files
[3.216s] Level 1:colcon.colcon_core.environment:checking '/home/xuan/ros2_ws/src/image_transport_tutorials/install/image_transport_tutorials/bin'
[3.216s] Level 1:colcon.colcon_core.environment:checking '/home/xuan/ros2_ws/src/image_transport_tutorials/install/image_transport_tutorials/lib/pkgconfig/image_transport_tutorials.pc'
[3.217s] Level 1:colcon.colcon_core.environment:checking '/home/xuan/ros2_ws/src/image_transport_tutorials/install/image_transport_tutorials/lib/python3.10/site-packages'
[3.217s] Level 1:colcon.colcon_core.environment:checking '/home/xuan/ros2_ws/src/image_transport_tutorials/install/image_transport_tutorials/bin'
[3.230s] INFO:colcon.colcon_core.shell:Creating package script '/home/xuan/ros2_ws/src/image_transport_tutorials/install/image_transport_tutorials/share/image_transport_tutorials/package.ps1'
[3.231s] INFO:colcon.colcon_core.shell:Creating package descriptor '/home/xuan/ros2_ws/src/image_transport_tutorials/install/image_transport_tutorials/share/image_transport_tutorials/package.dsv'
[3.232s] INFO:colcon.colcon_core.shell:Creating package script '/home/xuan/ros2_ws/src/image_transport_tutorials/install/image_transport_tutorials/share/image_transport_tutorials/package.sh'
[3.234s] INFO:colcon.colcon_core.shell:Creating package script '/home/xuan/ros2_ws/src/image_transport_tutorials/install/image_transport_tutorials/share/image_transport_tutorials/package.bash'
[3.235s] INFO:colcon.colcon_core.shell:Creating package script '/home/xuan/ros2_ws/src/image_transport_tutorials/install/image_transport_tutorials/share/image_transport_tutorials/package.zsh'
[3.236s] Level 1:colcon.colcon_core.environment:create_file_with_runtime_dependencies(/home/xuan/ros2_ws/src/image_transport_tutorials/install/image_transport_tutorials/share/colcon-core/packages/image_transport_tutorials)
[3.246s] DEBUG:colcon.colcon_parallel_executor.executor.parallel:closing loop
[3.246s] DEBUG:colcon.colcon_parallel_executor.executor.parallel:loop closed
[3.247s] DEBUG:colcon.colcon_parallel_executor.executor.parallel:run_until_complete finished with '1'
[3.247s] DEBUG:colcon.colcon_core.event_reactor:joining thread
[3.279s] INFO:colcon.colcon_core.plugin_system:Skipping extension 'colcon_notification.desktop_notification.terminal_notifier': Not used on non-Darwin systems
[3.279s] INFO:colcon.colcon_core.plugin_system:Skipping extension 'colcon_notification.desktop_notification.win32': Not used on non-Windows systems
[3.279s] INFO:colcon.colcon_notification.desktop_notification:Sending desktop notification using 'notify2'
[3.405s] DEBUG:colcon.colcon_core.event_reactor:joined thread
[3.425s] INFO:colcon.colcon_core.shell:Creating prefix script '/home/xuan/ros2_ws/src/image_transport_tutorials/install/local_setup.ps1'
[3.429s] INFO:colcon.colcon_core.shell:Creating prefix util module '/home/xuan/ros2_ws/src/image_transport_tutorials/install/_local_setup_util_ps1.py'
[3.431s] INFO:colcon.colcon_core.shell:Creating prefix chain script '/home/xuan/ros2_ws/src/image_transport_tutorials/install/setup.ps1'
[3.450s] INFO:colcon.colcon_core.shell:Creating prefix script '/home/xuan/ros2_ws/src/image_transport_tutorials/install/local_setup.sh'
[3.452s] INFO:colcon.colcon_core.shell:Creating prefix util module '/home/xuan/ros2_ws/src/image_transport_tutorials/install/_local_setup_util_sh.py'
[3.454s] INFO:colcon.colcon_core.shell:Creating prefix chain script '/home/xuan/ros2_ws/src/image_transport_tutorials/install/setup.sh'
[3.470s] INFO:colcon.colcon_core.shell:Creating prefix script '/home/xuan/ros2_ws/src/image_transport_tutorials/install/local_setup.bash'
[3.472s] INFO:colcon.colcon_core.shell:Creating prefix chain script '/home/xuan/ros2_ws/src/image_transport_tutorials/install/setup.bash'
[3.488s] INFO:colcon.colcon_core.shell:Creating prefix script '/home/xuan/ros2_ws/src/image_transport_tutorials/install/local_setup.zsh'
[3.489s] INFO:colcon.colcon_core.shell:Creating prefix chain script '/home/xuan/ros2_ws/src/image_transport_tutorials/install/setup.zsh'
